[0;34m[2025-06-23 17:30:14][0m Starting NYC Rental Platform deployment script
[0;34m[2025-06-23 17:30:14][0m Command: deploy
[0;34m[2025-06-23 17:30:14][0m Working directory: /Users/mohammadrahim/Downloads/nyc-rental-platform-main
[0;34m[2025-06-23 17:30:14][0m Checking prerequisites...
[0;32m[2025-06-23 17:30:15] ✅ Prerequisites check passed[0m
[0;34m[2025-06-23 17:30:15][0m Checking required environment variables...
[0;31m[2025-06-23 17:30:15] ❌ Missing required environment variables:[0m
[0;31m[2025-06-23 17:30:15] ❌   - STRIPE_SECRET_KEY[0m
[0;31m[2025-06-23 17:30:15] ❌   - AWS_ACCESS_KEY_ID[0m
[0;31m[2025-06-23 17:30:15] ❌   - AWS_SECRET_ACCESS_KEY[0m
[0;34m[2025-06-23 17:30:33][0m Starting NYC Rental Platform deployment script
[0;34m[2025-06-23 17:30:33][0m Command: deploy
[0;34m[2025-06-23 17:30:33][0m Working directory: /Users/mohammadrahim/Downloads/nyc-rental-platform-main
[0;34m[2025-06-23 17:30:33][0m Checking prerequisites...
[0;32m[2025-06-23 17:30:33] ✅ Prerequisites check passed[0m
[0;34m[2025-06-23 17:30:33][0m Checking required environment variables...
[0;32m[2025-06-23 17:30:33] ✅ Environment variables check passed[0m
[0;34m[2025-06-23 17:30:33][0m Creating necessary directories...
[0;34m[2025-06-23 17:30:33][0m Created directory: logs
[0;34m[2025-06-23 17:30:33][0m Created directory: backups
[0;34m[2025-06-23 17:30:33][0m Created directory: monitoring
[0;34m[2025-06-23 17:30:33][0m Created directory: ssl
[0;34m[2025-06-23 17:30:33][0m Created directory: data/postgres
[0;34m[2025-06-23 17:30:33][0m Created directory: data/redis
[0;34m[2025-06-23 17:30:33][0m Created directory: data/grafana
[0;34m[2025-06-23 17:30:33][0m Created directory: data/prometheus
[0;32m[2025-06-23 17:30:33] ✅ Directories created[0m
[0;34m[2025-06-23 17:30:33][0m Creating database backup...
[0;34m[2025-06-23 17:30:34][0m Database is running, creating backup...
[0;34m[2025-06-23 17:34:44][0m Starting NYC Rental Platform deployment script
[0;34m[2025-06-23 17:34:44][0m Command: deploy
[0;34m[2025-06-23 17:34:44][0m Working directory: /Users/mohammadrahim/Downloads/nyc-rental-platform-main
[0;34m[2025-06-23 17:34:44][0m Checking prerequisites...
[0;32m[2025-06-23 17:34:44] ✅ Prerequisites check passed[0m
[0;34m[2025-06-23 17:34:44][0m Checking required environment variables...
[0;32m[2025-06-23 17:34:44] ✅ Environment variables check passed[0m
[0;34m[2025-06-23 17:34:44][0m Creating necessary directories...
[0;34m[2025-06-23 17:34:44][0m Created directory: logs
[0;34m[2025-06-23 17:34:44][0m Created directory: backups
[0;34m[2025-06-23 17:34:45][0m Created directory: monitoring
[0;34m[2025-06-23 17:34:45][0m Created directory: ssl
[0;34m[2025-06-23 17:34:45][0m Created directory: data/postgres
[0;34m[2025-06-23 17:34:45][0m Created directory: data/redis
[0;34m[2025-06-23 17:34:45][0m Created directory: data/grafana
[0;34m[2025-06-23 17:34:45][0m Created directory: data/prometheus
[0;32m[2025-06-23 17:34:45] ✅ Directories created[0m
[0;34m[2025-06-23 17:34:45][0m Creating database backup...
[0;34m[2025-06-23 17:34:45][0m Database is running, creating backup...
[0;34m[2025-06-23 17:35:29][0m Starting NYC Rental Platform deployment script
[0;34m[2025-06-23 17:35:29][0m Command: deploy
[0;34m[2025-06-23 17:35:29][0m Working directory: /Users/mohammadrahim/Downloads/nyc-rental-platform-main
[0;34m[2025-06-23 17:35:29][0m Checking prerequisites...
[0;32m[2025-06-23 17:35:30] ✅ Prerequisites check passed[0m
[0;34m[2025-06-23 17:35:30][0m Checking required environment variables...
[0;32m[2025-06-23 17:35:30] ✅ Environment variables check passed[0m
[0;34m[2025-06-23 17:35:30][0m Creating necessary directories...
[0;34m[2025-06-23 17:35:30][0m Created directory: logs
[0;34m[2025-06-23 17:35:30][0m Created directory: backups
[0;34m[2025-06-23 17:35:30][0m Created directory: monitoring
[0;34m[2025-06-23 17:35:30][0m Created directory: ssl
[0;34m[2025-06-23 17:35:30][0m Created directory: data/postgres
[0;34m[2025-06-23 17:35:30][0m Created directory: data/redis
[0;34m[2025-06-23 17:35:30][0m Created directory: data/grafana
[0;34m[2025-06-23 17:35:30][0m Created directory: data/prometheus
[0;32m[2025-06-23 17:35:30] ✅ Directories created[0m
[0;34m[2025-06-23 17:35:30][0m Creating database backup...
[0;34m[2025-06-23 17:35:30][0m Database is running, creating backup...
[0;32m[2025-06-23 17:35:30] ✅ Database backup created: ./backups/20250623_173530[0m
[0;34m[2025-06-23 17:35:42][0m Building Docker images...
[0;34m[2025-06-23 17:36:33][0m Starting NYC Rental Platform deployment script
[0;34m[2025-06-23 17:36:33][0m Command: deploy
[0;34m[2025-06-23 17:36:33][0m Working directory: /Users/mohammadrahim/Downloads/nyc-rental-platform-main
[0;34m[2025-06-23 17:36:33][0m Checking prerequisites...
[0;32m[2025-06-23 17:36:34] ✅ Prerequisites check passed[0m
[0;34m[2025-06-23 17:36:34][0m Checking required environment variables...
[0;32m[2025-06-23 17:36:34] ✅ Environment variables check passed[0m
[0;34m[2025-06-23 17:36:34][0m Creating necessary directories...
[0;34m[2025-06-23 17:36:34][0m Created directory: logs
[0;34m[2025-06-23 17:36:34][0m Created directory: backups
[0;34m[2025-06-23 17:36:34][0m Created directory: monitoring
[0;34m[2025-06-23 17:36:34][0m Created directory: ssl
[0;34m[2025-06-23 17:36:34][0m Created directory: data/postgres
[0;34m[2025-06-23 17:36:34][0m Created directory: data/redis
[0;34m[2025-06-23 17:36:34][0m Created directory: data/grafana
[0;34m[2025-06-23 17:36:34][0m Created directory: data/prometheus
[0;32m[2025-06-23 17:36:34] ✅ Directories created[0m
[0;34m[2025-06-23 17:36:34][0m Creating database backup...
[0;34m[2025-06-23 17:36:34][0m Database is running, creating backup...
[0;32m[2025-06-23 17:36:34] ✅ Database backup created: ./backups/20250623_173634[0m
[0;34m[2025-06-23 17:36:42][0m Building Docker images...
[0;34m[2025-06-23 17:37:44][0m Starting NYC Rental Platform deployment script
[0;34m[2025-06-23 17:37:44][0m Command: deploy
[0;34m[2025-06-23 17:37:44][0m Working directory: /Users/mohammadrahim/Downloads/nyc-rental-platform-main
[0;34m[2025-06-23 17:37:44][0m Checking prerequisites...
[0;32m[2025-06-23 17:37:45] ✅ Prerequisites check passed[0m
[0;34m[2025-06-23 17:37:45][0m Checking required environment variables...
[0;32m[2025-06-23 17:37:45] ✅ Environment variables check passed[0m
[0;34m[2025-06-23 17:37:45][0m Creating necessary directories...
[0;34m[2025-06-23 17:37:45][0m Created directory: logs
[0;34m[2025-06-23 17:37:45][0m Created directory: backups
[0;34m[2025-06-23 17:37:45][0m Created directory: monitoring
[0;34m[2025-06-23 17:37:45][0m Created directory: ssl
[0;34m[2025-06-23 17:37:45][0m Created directory: data/postgres
[0;34m[2025-06-23 17:37:45][0m Created directory: data/redis
[0;34m[2025-06-23 17:37:45][0m Created directory: data/grafana
[0;34m[2025-06-23 17:37:45][0m Created directory: data/prometheus
[0;32m[2025-06-23 17:37:45] ✅ Directories created[0m
[0;34m[2025-06-23 17:37:45][0m Creating database backup...
[0;34m[2025-06-23 17:37:45][0m Database is running, creating backup...
[0;32m[2025-06-23 17:37:45] ✅ Database backup created: ./backups/20250623_173745[0m
[0;34m[2025-06-23 17:37:49][0m Building Docker images...
[0;34m[2025-06-23 17:38:55][0m Starting NYC Rental Platform deployment script
[0;34m[2025-06-23 17:38:55][0m Command: deploy
[0;34m[2025-06-23 17:38:55][0m Working directory: /Users/mohammadrahim/Downloads/nyc-rental-platform-main
[0;34m[2025-06-23 17:38:55][0m Checking prerequisites...
[0;32m[2025-06-23 17:38:57] ✅ Prerequisites check passed[0m
[0;34m[2025-06-23 17:38:57][0m Checking required environment variables...
[0;32m[2025-06-23 17:38:57] ✅ Environment variables check passed[0m
[0;34m[2025-06-23 17:38:57][0m Creating necessary directories...
[0;34m[2025-06-23 17:38:57][0m Created directory: logs
[0;34m[2025-06-23 17:38:57][0m Created directory: backups
[0;34m[2025-06-23 17:38:57][0m Created directory: monitoring
[0;34m[2025-06-23 17:38:57][0m Created directory: ssl
[0;34m[2025-06-23 17:38:57][0m Created directory: data/postgres
[0;34m[2025-06-23 17:38:57][0m Created directory: data/redis
[0;34m[2025-06-23 17:38:57][0m Created directory: data/grafana
[0;34m[2025-06-23 17:38:57][0m Created directory: data/prometheus
[0;32m[2025-06-23 17:38:57] ✅ Directories created[0m
[0;34m[2025-06-23 17:38:57][0m Creating database backup...
[0;34m[2025-06-23 17:38:57][0m Database is running, creating backup...
[0;32m[2025-06-23 17:38:57] ✅ Database backup created: ./backups/20250623_173857[0m
[0;34m[2025-06-23 17:38:59][0m Building Docker images...
